[debug] [2025-10-17T17:21:10.065Z] ----------------------------------------------------------------------
[debug] [2025-10-17T17:21:10.069Z] Command:       C:\Program Files\nodejs\node.exe C:\Users\Admin\AppData\Roaming\npm\node_modules\firebase-tools\lib\bin\firebase.js init
[debug] [2025-10-17T17:21:10.070Z] CLI Version:   13.30.0
[debug] [2025-10-17T17:21:10.070Z] Platform:      win32
[debug] [2025-10-17T17:21:10.070Z] Node Version:  v22.13.0
[debug] [2025-10-17T17:21:10.070Z] Time:          Fri Oct 17 2025 22:51:10 GMT+0530 (India Standard Time)
[debug] [2025-10-17T17:21:10.071Z] ----------------------------------------------------------------------
[debug] 
[debug] [2025-10-17T17:21:10.083Z] > command requires scopes: ["email","openid","https://www.googleapis.com/auth/cloudplatformprojects.readonly","https://www.googleapis.com/auth/firebase","https://www.googleapis.com/auth/cloud-platform"]
[debug] [2025-10-17T17:21:10.084Z] > authorizing via signed-in user (ritesh.katore23@pcu.edu.in)
[info] 
     ######## #### ########  ######## ########     ###     ######  ########
     ##        ##  ##     ## ##       ##     ##  ##   ##  ##       ##
     ######    ##  ########  ######   ########  #########  ######  ######
     ##        ##  ##    ##  ##       ##     ## ##     ##       ## ##
     ##       #### ##     ## ######## ########  ##     ##  ######  ########

You're about to initialize a Firebase project in this directory:

  C:\Users\Admin\OneDrive\Desktop\themeforest-ober-cv-resume-react-template\themeforest-ober-cv-resume-react-template\ober_main\React Template

[info] 
=== Project Setup
[info] 
[info] First, let's associate this project directory with a Firebase project.
[info] You can create multiple project aliases by running firebase use --add, 
[info] but for now we'll just set up a default project.
[info] 
[info] i  If you want to create a project in a Google Cloud organization or folder, please use "firebase projects:create" instead, and return to this command when you've created the project. 
[debug] [2025-10-17T17:21:37.425Z] Checked if tokens are valid: true, expires at: 1760725118646
[debug] [2025-10-17T17:21:37.426Z] Checked if tokens are valid: true, expires at: 1760725118646
[debug] [2025-10-17T17:21:37.428Z] >>> [apiv2][query] POST https://cloudresourcemanager.googleapis.com/v1/projects [none]
[debug] [2025-10-17T17:21:37.428Z] >>> [apiv2][body] POST https://cloudresourcemanager.googleapis.com/v1/projects {"projectId":"portfilo","name":"portfilo"}
[debug] [2025-10-17T17:21:39.174Z] <<< [apiv2][status] POST https://cloudresourcemanager.googleapis.com/v1/projects 409
[debug] [2025-10-17T17:21:39.174Z] <<< [apiv2][body] POST https://cloudresourcemanager.googleapis.com/v1/projects {"error":{"code":409,"message":"Requested entity already exists","status":"ALREADY_EXISTS"}}
[debug] [2025-10-17T17:21:39.301Z] FirebaseError: Request to https://cloudresourcemanager.googleapis.com/v1/projects had HTTP Error: 409, Requested entity already exists
    at responseToError (C:\Users\Admin\AppData\Roaming\npm\node_modules\firebase-tools\lib\responseToError.js:52:12)
    at RetryOperation._fn (C:\Users\Admin\AppData\Roaming\npm\node_modules\firebase-tools\lib\apiv2.js:312:77)
    at process.processTicksAndRejections (node:internal/process/task_queues:105:5)
[error] 
[error] Error: Failed to create project because there is already a project with ID portfilo. Please try again with a unique project ID.
